* installing *source* package ‘PReMiuM’ ...
** libs
g++ -I/usr/share/R/include -DNDEBUG -I./include   -I"/home/silvia/R/x86_64-pc-linux-gnu-library/3.0/Rcpp/include" -I"/home/silvia/R/x86_64-pc-linux-gnu-library/3.0/RcppEigen/include" -I"/home/silvia/R/x86_64-pc-linux-gnu-library/3.0/BH/include"   -fpic  -O3 -pipe  -g  -c PReMiuM.cpp -o PReMiuM.o
In file included from /home/silvia/R/x86_64-pc-linux-gnu-library/3.0/BH/include/boost/random/detail/large_arithmetic.hpp:19:0,
                 from /home/silvia/R/x86_64-pc-linux-gnu-library/3.0/BH/include/boost/random/detail/const_mod.hpp:23,
                 from /home/silvia/R/x86_64-pc-linux-gnu-library/3.0/BH/include/boost/random/linear_congruential.hpp:30,
                 from /home/silvia/R/x86_64-pc-linux-gnu-library/3.0/BH/include/boost/random/additive_combine.hpp:27,
                 from /home/silvia/R/x86_64-pc-linux-gnu-library/3.0/BH/include/boost/random.hpp:36,
                 from ./include/Math/random.h:37,
                 from ./include/MCMC/sampler.h:46,
                 from PReMiuM.cpp:41:
/home/silvia/R/x86_64-pc-linux-gnu-library/3.0/BH/include/boost/random/detail/integer_log2.hpp:71:35: warning: always_inline function might not be inlinable [-Wattributes]
 BOOST_RANDOM_DETAIL_CONSTEXPR int integer_log2(T t)
                                   ^
g++ -I/usr/share/R/include -DNDEBUG -I./include   -I"/home/silvia/R/x86_64-pc-linux-gnu-library/3.0/Rcpp/include" -I"/home/silvia/R/x86_64-pc-linux-gnu-library/3.0/RcppEigen/include" -I"/home/silvia/R/x86_64-pc-linux-gnu-library/3.0/BH/include"   -fpic  -O3 -pipe  -g  -c postProcess.cpp -o postProcess.o
g++ -shared -o PReMiuM.so PReMiuM.o postProcess.o -L/usr/lib/R/lib -lR
installing to /home/silvia/Dropbox/PReMiuM-R-package/PReMiuM.Rcheck/PReMiuM/libs
** R
** inst
** preparing package for lazy loading
** help
*** installing help indices
** building package indices
** testing if installed package can be loaded
* DONE (PReMiuM)
