Hmm ... looks like a package
Converting parsed Rd's to LaTeX ..
Creating pdf output from LaTeX ...

This is pdfTeX, Version 3.141592653-2.6-1.40.22 (TeX Live 2022/dev/Debian) (preloaded format=pdflatex)
 restricted \write18 enabled.
entering extended mode
LaTeX2e <2021-11-15> patch level 1
L3 programming layer <2022-01-21> (./Rd2.tex
(/usr/share/texlive/texmf-dist/tex/latex/base/book.cls
Document Class: book 2021/10/04 v1.4n Standard LaTeX document class
(/usr/share/texlive/texmf-dist/tex/latex/base/bk10.clo))
(/usr/share/R/share/texmf/tex/latex/Rd.sty
(/usr/share/texlive/texmf-dist/tex/latex/base/ifthen.sty)
(/usr/share/texlive/texmf-dist/tex/latex/tools/longtable.sty)
(/usr/share/texlive/texmf-dist/tex/latex/tools/bm.sty)
(/usr/share/texlive/texmf-dist/tex/latex/base/alltt.sty)
(/usr/share/texlive/texmf-dist/tex/latex/tools/verbatim.sty)
(/usr/share/texlive/texmf-dist/tex/latex/url/url.sty)
(/usr/share/texlive/texmf-dist/tex/latex/base/textcomp.sty)
(/usr/share/texlive/texmf-dist/tex/latex/amsmath/amsmath.sty
For additional information on amsmath, use the `?' option.
(/usr/share/texlive/texmf-dist/tex/latex/amsmath/amstext.sty
(/usr/share/texlive/texmf-dist/tex/latex/amsmath/amsgen.sty))
(/usr/share/texlive/texmf-dist/tex/latex/amsmath/amsbsy.sty)
(/usr/share/texlive/texmf-dist/tex/latex/amsmath/amsopn.sty))
(/usr/share/texlive/texmf-dist/tex/latex/amsfonts/amsfonts.sty)
(/usr/share/texlive/texmf-dist/tex/latex/amsfonts/amssymb.sty)
(/usr/share/texlive/texmf-dist/tex/latex/jknapltx/mathrsfs.sty)
(/usr/share/texlive/texmf-dist/tex/generic/iftex/iftex.sty)
(/usr/share/texlive/texmf-dist/tex/latex/base/fontenc.sty)
(/usr/share/texlive/texmf-dist/tex/latex/psnfss/times.sty)
(/usr/share/texlive/texmf-dist/tex/latex/inconsolata/zi4.sty
`inconsolata-zi4' v1.12, 2019/05/17 Text macros for Inconsolata (msharpe)
(/usr/share/texlive/texmf-dist/tex/latex/xkeyval/xkeyval.sty
(/usr/share/texlive/texmf-dist/tex/generic/xkeyval/xkeyval.tex
(/usr/share/texlive/texmf-dist/tex/generic/xkeyval/xkvutils.tex
(/usr/share/texlive/texmf-dist/tex/generic/xkeyval/keyval.tex)))))
(/usr/share/texlive/texmf-dist/tex/latex/graphics/color.sty
(/usr/share/texlive/texmf-dist/tex/latex/graphics-cfg/color.cfg)
(/usr/share/texlive/texmf-dist/tex/latex/graphics-def/pdftex.def))
(/usr/share/texlive/texmf-dist/tex/latex/hyperref/hyperref.sty
(/usr/share/texlive/texmf-dist/tex/generic/ltxcmds/ltxcmds.sty)
(/usr/share/texlive/texmf-dist/tex/generic/pdftexcmds/pdftexcmds.sty
(/usr/share/texlive/texmf-dist/tex/generic/infwarerr/infwarerr.sty))
(/usr/share/texlive/texmf-dist/tex/generic/kvsetkeys/kvsetkeys.sty)
(/usr/share/texlive/texmf-dist/tex/generic/kvdefinekeys/kvdefinekeys.sty)
(/usr/share/texlive/texmf-dist/tex/generic/pdfescape/pdfescape.sty)
(/usr/share/texlive/texmf-dist/tex/latex/hycolor/hycolor.sty)
(/usr/share/texlive/texmf-dist/tex/latex/letltxmacro/letltxmacro.sty)
(/usr/share/texlive/texmf-dist/tex/latex/auxhook/auxhook.sty)
(/usr/share/texlive/texmf-dist/tex/latex/kvoptions/kvoptions.sty)
(/usr/share/texlive/texmf-dist/tex/latex/hyperref/pd1enc.def)
(/usr/share/texlive/texmf-dist/tex/latex/hyperref/hyperref-langpatches.def)
(/usr/share/texlive/texmf-dist/tex/generic/intcalc/intcalc.sty)
(/usr/share/texlive/texmf-dist/tex/generic/etexcmds/etexcmds.sty)
(/usr/share/texlive/texmf-dist/tex/latex/hyperref/puenc.def)
(/usr/share/texlive/texmf-dist/tex/generic/bitset/bitset.sty
(/usr/share/texlive/texmf-dist/tex/generic/bigintcalc/bigintcalc.sty))
(/usr/share/texlive/texmf-dist/tex/latex/base/atbegshi-ltx.sty))
(/usr/share/texlive/texmf-dist/tex/latex/hyperref/hpdftex.def
(/usr/share/texlive/texmf-dist/tex/latex/base/atveryend-ltx.sty)
(/usr/share/texlive/texmf-dist/tex/latex/rerunfilecheck/rerunfilecheck.sty
(/usr/share/texlive/texmf-dist/tex/generic/uniquecounter/uniquecounter.sty)))

Package hyperref Warning: Option `hyperindex' has already been used,
(hyperref)                setting the option has no effect on input line 397.


Package hyperref Warning: Option `pagebackref' has already been used,
(hyperref)                setting the option has no effect on input line 397.

) (/usr/share/texlive/texmf-dist/tex/latex/base/makeidx.sty)
(/usr/share/texlive/texmf-dist/tex/latex/base/inputenc.sty)
Writing index file Rd2.idx
(/usr/share/texlive/texmf-dist/tex/latex/psnfss/t1ptm.fd)
(/usr/share/texlive/texmf-dist/tex/latex/l3backend/l3backend-pdftex.def)
No file Rd2.aux.
(/usr/share/texlive/texmf-dist/tex/context/base/mkii/supp-pdf.mkii
[Loading MPS to PDF converter (version 2006.09.02).]
) (/usr/share/texlive/texmf-dist/tex/latex/hyperref/nameref.sty
(/usr/share/texlive/texmf-dist/tex/latex/refcount/refcount.sty)
(/usr/share/texlive/texmf-dist/tex/generic/gettitlestring/gettitlestring.sty))
(/usr/share/texlive/texmf-dist/tex/latex/inconsolata/t1zi4.fd)
(/usr/share/texlive/texmf-dist/tex/latex/amsfonts/umsa.fd)
(/usr/share/texlive/texmf-dist/tex/latex/amsfonts/umsb.fd)
(/usr/share/texlive/texmf-dist/tex/latex/jknapltx/ursfs.fd)
(/usr/share/texlive/texmf-dist/tex/latex/psnfss/t1phv.fd) [1{/var/lib/texmf/fon
ts/map/pdftex/updmap/pdftex.map}]
(/usr/share/texlive/texmf-dist/tex/latex/psnfss/ts1ptm.fd) [2]
Overfull \hbox (46.23737pt too wide) in paragraph at lines 116--118
\T1/ptm/m/n/10 TERMAP USA. Hy-per-ten-sion 64 (6), 1198-1204. Avail-able at htt
p://www.ncbi.nlm.nih.gov/pubmed/25201893 
[3] [4] [5] [6] [7] [8] [9] [10] [11]
Underfull \vbox (badness 10000) has occurred while \output is active [12]
[13] [14] [15] [16]
Overfull \hbox (9.77066pt too wide) in paragraph at lines 725--725
 []\T1/zi4/m/n/10 globalParsTrace(runInfoObj, parameters = "nClusters",plotBurn
In=FALSE,whichBeta=1) 
[17] [18] [19] (/usr/share/texlive/texmf-dist/tex/latex/inconsolata/ts1zi4.fd)
[20] [21] [22]
Overfull \hbox (15.77475pt too wide) in paragraph at lines 1038--1038
 []\T1/zi4/m/n/9 predictions <- calcPredictions(riskProfileObj,fullSweepPredict
ions=TRUE,fullSweepLogOR=TRUE)[] 
[23] [24] [25] [26]
Overfull \hbox (0.62779pt too wide) in paragraph at lines 1179--1180
[]\T1/ptm/m/n/10 This can be set equal to "RaoBlack-well" and "ran-dom". The de
-fault is RaoBlack-
[27]
Overfull \hbox (19.17761pt too wide) in paragraph at lines 1197--1198
[]\T1/ptm/m/n/10 The names of the dis-crete co-vari-ates among the co-vari-ate 
names, if xModel="Mixed".

Overfull \hbox (19.17761pt too wide) in paragraph at lines 1198--1199
[]\T1/ptm/m/n/10 The names of the dis-crete co-vari-ates among the co-vari-ate 
names, if xModel="Mixed".
[28] [29]
Overfull \hbox (5.48706pt too wide) in paragraph at lines 1257--1258
[]\T1/ptm/m/n/10 Internal file to com-mu-ni-cate be-tween R and C++ the val-ues
 of the hy-per-paramters. 
[30] [31] [32] [33]
Overfull \hbox (42.07666pt too wide) in paragraph at lines 1423--1424
\T1/ptm/m/n/10 in mul-ti-vari-ate Nor-mal co-vari-ate case (useIn-de-pen-dent-N
or-mal=FALSE), de-fault=empirical

Overfull \hbox (12.1776pt too wide) in paragraph at lines 1424--1425
\T1/ptm/m/n/10 used in mul-ti-vari-ate Nor-mal co-vari-ate case, when useIn-de-
pen-dent-Nor-mal=FALSE).

Overfull \hbox (24.47763pt too wide) in paragraph at lines 1426--1427
[]\T1/ptm/m/n/10 The scale pa-ram-e-ter for the Wishart dis-tri-bu-tion for Tau
_c if use-Hy-per-pri-orR1=FALSE
[34] [35]
Overfull \hbox (3.52693pt too wide) in paragraph at lines 1445--1446
[]\T1/ptm/m/n/10 Slice pa-ram-e-ter for in-de-pen-dent slice sam-pler such that
 xi_c = (1-rSlice)*rSlice^c

Overfull \hbox (24.30757pt too wide) in paragraph at lines 1445--1446
\T1/ptm/m/n/10 for c=0,1,2,... (only used for slice in-de-pen-dent sam-pler i.e
. sam-pler=SliceIndependent,
[36]
Overfull \hbox (140.52487pt too wide) in paragraph at lines 1508--1510
\T1/ptm/m/n/10 age: "clus-Sum-ma-ry-Bernoulli-Nor-mal","clusSummaryBernoulliDis
creteSmall","clusSummaryCategoricalDiscrete",

Overfull \hbox (18.11702pt too wide) in paragraph at lines 1508--1510
\T1/ptm/m/n/10 "clus-Sum-ma-ryNormalD-is-crete","clusSummaryNormalNormal", "clu
s-Sum-ma-ryNor-
[37] [38] [39]
No file Rd2.ind.
[40] (/tmp/Rtmpg1HnSx/Rd2pdf9291522147fe4/Rd2.aux)

Package rerunfilecheck Warning: File `Rd2.out' has changed.
(rerunfilecheck)                Rerun to get outlines right
(rerunfilecheck)                or use package `bookmark'.

 )
(see the transcript file for additional information){/usr/share/texlive/texmf-d
ist/fonts/enc/dvips/inconsolata/i4-ts1.enc}{/usr/share/texlive/texmf-dist/fonts
/enc/dvips/base/8r.enc}{/usr/share/texlive/texmf-dist/fonts/enc/dvips/inconsola
ta/i4-t1-0.enc}</usr/share/texlive/texmf-dist/fonts/type1/public/inconsolata/In
consolata-zi4r.pfb></usr/share/texlive/texmf-dist/fonts/type1/urw/helvetic/uhvr
8a.pfb></usr/share/texlive/texmf-dist/fonts/type1/urw/times/utmb8a.pfb></usr/sh
are/texlive/texmf-dist/fonts/type1/urw/times/utmr8a.pfb></usr/share/texlive/tex
mf-dist/fonts/type1/urw/times/utmr8a.pfb></usr/share/texlive/texmf-dist/fonts/t
ype1/urw/times/utmri8a.pfb>
Output written on Rd2.pdf (40 pages, 169958 bytes).
Transcript written on Rd2.log.
This is makeindex, version 2.15 [TeX Live 2022/dev] (kpathsea + Thai support).
Scanning input file Rd2.idx....done (55 entries accepted, 0 rejected).
Sorting entries....done (347 comparisons).
Generating output file Rd2.ind....done (117 lines written, 0 warnings).
Output written in Rd2.ind.
Transcript written in Rd2.ilg.
This is pdfTeX, Version 3.141592653-2.6-1.40.22 (TeX Live 2022/dev/Debian) (preloaded format=pdflatex)
 restricted \write18 enabled.
entering extended mode
LaTeX2e <2021-11-15> patch level 1
L3 programming layer <2022-01-21> (./Rd2.tex
(/usr/share/texlive/texmf-dist/tex/latex/base/book.cls
Document Class: book 2021/10/04 v1.4n Standard LaTeX document class
(/usr/share/texlive/texmf-dist/tex/latex/base/bk10.clo))
(/usr/share/R/share/texmf/tex/latex/Rd.sty
(/usr/share/texlive/texmf-dist/tex/latex/base/ifthen.sty)
(/usr/share/texlive/texmf-dist/tex/latex/tools/longtable.sty)
(/usr/share/texlive/texmf-dist/tex/latex/tools/bm.sty)
(/usr/share/texlive/texmf-dist/tex/latex/base/alltt.sty)
(/usr/share/texlive/texmf-dist/tex/latex/tools/verbatim.sty)
(/usr/share/texlive/texmf-dist/tex/latex/url/url.sty)
(/usr/share/texlive/texmf-dist/tex/latex/base/textcomp.sty)
(/usr/share/texlive/texmf-dist/tex/latex/amsmath/amsmath.sty
For additional information on amsmath, use the `?' option.
(/usr/share/texlive/texmf-dist/tex/latex/amsmath/amstext.sty
(/usr/share/texlive/texmf-dist/tex/latex/amsmath/amsgen.sty))
(/usr/share/texlive/texmf-dist/tex/latex/amsmath/amsbsy.sty)
(/usr/share/texlive/texmf-dist/tex/latex/amsmath/amsopn.sty))
(/usr/share/texlive/texmf-dist/tex/latex/amsfonts/amsfonts.sty)
(/usr/share/texlive/texmf-dist/tex/latex/amsfonts/amssymb.sty)
(/usr/share/texlive/texmf-dist/tex/latex/jknapltx/mathrsfs.sty)
(/usr/share/texlive/texmf-dist/tex/generic/iftex/iftex.sty)
(/usr/share/texlive/texmf-dist/tex/latex/base/fontenc.sty)
(/usr/share/texlive/texmf-dist/tex/latex/psnfss/times.sty)
(/usr/share/texlive/texmf-dist/tex/latex/inconsolata/zi4.sty
`inconsolata-zi4' v1.12, 2019/05/17 Text macros for Inconsolata (msharpe)
(/usr/share/texlive/texmf-dist/tex/latex/xkeyval/xkeyval.sty
(/usr/share/texlive/texmf-dist/tex/generic/xkeyval/xkeyval.tex
(/usr/share/texlive/texmf-dist/tex/generic/xkeyval/xkvutils.tex
(/usr/share/texlive/texmf-dist/tex/generic/xkeyval/keyval.tex)))))
(/usr/share/texlive/texmf-dist/tex/latex/graphics/color.sty
(/usr/share/texlive/texmf-dist/tex/latex/graphics-cfg/color.cfg)
(/usr/share/texlive/texmf-dist/tex/latex/graphics-def/pdftex.def))
(/usr/share/texlive/texmf-dist/tex/latex/hyperref/hyperref.sty
(/usr/share/texlive/texmf-dist/tex/generic/ltxcmds/ltxcmds.sty)
(/usr/share/texlive/texmf-dist/tex/generic/pdftexcmds/pdftexcmds.sty
(/usr/share/texlive/texmf-dist/tex/generic/infwarerr/infwarerr.sty))
(/usr/share/texlive/texmf-dist/tex/generic/kvsetkeys/kvsetkeys.sty)
(/usr/share/texlive/texmf-dist/tex/generic/kvdefinekeys/kvdefinekeys.sty)
(/usr/share/texlive/texmf-dist/tex/generic/pdfescape/pdfescape.sty)
(/usr/share/texlive/texmf-dist/tex/latex/hycolor/hycolor.sty)
(/usr/share/texlive/texmf-dist/tex/latex/letltxmacro/letltxmacro.sty)
(/usr/share/texlive/texmf-dist/tex/latex/auxhook/auxhook.sty)
(/usr/share/texlive/texmf-dist/tex/latex/kvoptions/kvoptions.sty)
(/usr/share/texlive/texmf-dist/tex/latex/hyperref/pd1enc.def)
(/usr/share/texlive/texmf-dist/tex/latex/hyperref/hyperref-langpatches.def)
(/usr/share/texlive/texmf-dist/tex/generic/intcalc/intcalc.sty)
(/usr/share/texlive/texmf-dist/tex/generic/etexcmds/etexcmds.sty)
(/usr/share/texlive/texmf-dist/tex/latex/hyperref/puenc.def)
(/usr/share/texlive/texmf-dist/tex/generic/bitset/bitset.sty
(/usr/share/texlive/texmf-dist/tex/generic/bigintcalc/bigintcalc.sty))
(/usr/share/texlive/texmf-dist/tex/latex/base/atbegshi-ltx.sty))
(/usr/share/texlive/texmf-dist/tex/latex/hyperref/hpdftex.def
(/usr/share/texlive/texmf-dist/tex/latex/base/atveryend-ltx.sty)
(/usr/share/texlive/texmf-dist/tex/latex/rerunfilecheck/rerunfilecheck.sty
(/usr/share/texlive/texmf-dist/tex/generic/uniquecounter/uniquecounter.sty)))

Package hyperref Warning: Option `hyperindex' has already been used,
(hyperref)                setting the option has no effect on input line 397.


Package hyperref Warning: Option `pagebackref' has already been used,
(hyperref)                setting the option has no effect on input line 397.

) (/usr/share/texlive/texmf-dist/tex/latex/base/makeidx.sty)
(/usr/share/texlive/texmf-dist/tex/latex/base/inputenc.sty)
Writing index file Rd2.idx
(/usr/share/texlive/texmf-dist/tex/latex/psnfss/t1ptm.fd)
(/usr/share/texlive/texmf-dist/tex/latex/l3backend/l3backend-pdftex.def)
(/tmp/Rtmpg1HnSx/Rd2pdf9291522147fe4/Rd2.aux)
(/usr/share/texlive/texmf-dist/tex/context/base/mkii/supp-pdf.mkii
[Loading MPS to PDF converter (version 2006.09.02).]
) (/usr/share/texlive/texmf-dist/tex/latex/hyperref/nameref.sty
(/usr/share/texlive/texmf-dist/tex/latex/refcount/refcount.sty)
(/usr/share/texlive/texmf-dist/tex/generic/gettitlestring/gettitlestring.sty))
(/tmp/Rtmpg1HnSx/Rd2pdf9291522147fe4/Rd2.out)
(/tmp/Rtmpg1HnSx/Rd2pdf9291522147fe4/Rd2.out)
(/usr/share/texlive/texmf-dist/tex/latex/inconsolata/t1zi4.fd)
(/usr/share/texlive/texmf-dist/tex/latex/amsfonts/umsa.fd)
(/usr/share/texlive/texmf-dist/tex/latex/amsfonts/umsb.fd)
(/usr/share/texlive/texmf-dist/tex/latex/jknapltx/ursfs.fd)
(/usr/share/texlive/texmf-dist/tex/latex/psnfss/t1phv.fd)
(/tmp/Rtmpg1HnSx/Rd2pdf9291522147fe4/Rd2.toc [1{/var/lib/texmf/fonts/map/pdftex
/updmap/pdftex.map}]) [2]
(/usr/share/texlive/texmf-dist/tex/latex/psnfss/ts1ptm.fd) [3]
Overfull \hbox (46.23737pt too wide) in paragraph at lines 116--118
\T1/ptm/m/n/10 TERMAP USA. Hy-per-ten-sion 64 (6), 1198-1204. Avail-able at htt
p://www.ncbi.nlm.nih.gov/pubmed/25201893 
[4] [5] [6] [7] [8] [9] [10] [11]
Underfull \vbox (badness 10000) has occurred while \output is active [12]
[13] [14] [15] [16]
Overfull \hbox (9.77066pt too wide) in paragraph at lines 725--725
 []\T1/zi4/m/n/10 globalParsTrace(runInfoObj, parameters = "nClusters",plotBurn
In=FALSE,whichBeta=1) 
[17] [18] [19] [20]
(/usr/share/texlive/texmf-dist/tex/latex/inconsolata/ts1zi4.fd) [21] [22]
[23]
Overfull \hbox (15.77475pt too wide) in paragraph at lines 1038--1038
 []\T1/zi4/m/n/9 predictions <- calcPredictions(riskProfileObj,fullSweepPredict
ions=TRUE,fullSweepLogOR=TRUE)[] 
[24] [25] [26]
Overfull \hbox (0.62779pt too wide) in paragraph at lines 1179--1180
[]\T1/ptm/m/n/10 This can be set equal to "RaoBlack-well" and "ran-dom". The de
-fault is RaoBlack-
[27] [28]
Overfull \hbox (19.17761pt too wide) in paragraph at lines 1197--1198
[]\T1/ptm/m/n/10 The names of the dis-crete co-vari-ates among the co-vari-ate 
names, if xModel="Mixed".

Overfull \hbox (19.17761pt too wide) in paragraph at lines 1198--1199
[]\T1/ptm/m/n/10 The names of the dis-crete co-vari-ates among the co-vari-ate 
names, if xModel="Mixed".
[29] [30]
Overfull \hbox (5.48706pt too wide) in paragraph at lines 1257--1258
[]\T1/ptm/m/n/10 Internal file to com-mu-ni-cate be-tween R and C++ the val-ues
 of the hy-per-paramters. 
[31] [32] [33] [34]
Overfull \hbox (42.07666pt too wide) in paragraph at lines 1423--1424
\T1/ptm/m/n/10 in mul-ti-vari-ate Nor-mal co-vari-ate case (useIn-de-pen-dent-N
or-mal=FALSE), de-fault=empirical

Overfull \hbox (12.1776pt too wide) in paragraph at lines 1424--1425
\T1/ptm/m/n/10 used in mul-ti-vari-ate Nor-mal co-vari-ate case, when useIn-de-
pen-dent-Nor-mal=FALSE).

Overfull \hbox (24.47763pt too wide) in paragraph at lines 1426--1427
[]\T1/ptm/m/n/10 The scale pa-ram-e-ter for the Wishart dis-tri-bu-tion for Tau
_c if use-Hy-per-pri-orR1=FALSE
[35]
Overfull \hbox (3.52693pt too wide) in paragraph at lines 1445--1446
[]\T1/ptm/m/n/10 Slice pa-ram-e-ter for in-de-pen-dent slice sam-pler such that
 xi_c = (1-rSlice)*rSlice^c

Overfull \hbox (24.30757pt too wide) in paragraph at lines 1445--1446
\T1/ptm/m/n/10 for c=0,1,2,... (only used for slice in-de-pen-dent sam-pler i.e
. sam-pler=SliceIndependent,
[36] [37]
Overfull \hbox (140.52487pt too wide) in paragraph at lines 1508--1510
\T1/ptm/m/n/10 age: "clus-Sum-ma-ry-Bernoulli-Nor-mal","clusSummaryBernoulliDis
creteSmall","clusSummaryCategoricalDiscrete",

Overfull \hbox (18.11702pt too wide) in paragraph at lines 1508--1510
\T1/ptm/m/n/10 "clus-Sum-ma-ryNormalD-is-crete","clusSummaryNormalNormal", "clu
s-Sum-ma-ryNor-
[38] [39] [40] (/tmp/Rtmpg1HnSx/Rd2pdf9291522147fe4/Rd2.ind [41]

LaTeX Font Warning: Font shape `T1/zi4/m/it' undefined
(Font)              using `T1/zi4/m/n' instead on input line 38.


Underfull \vbox (badness 2617) has occurred while \output is active [42]
[43]) (/tmp/Rtmpg1HnSx/Rd2pdf9291522147fe4/Rd2.aux)

LaTeX Font Warning: Some font shapes were not available, defaults substituted.


Package rerunfilecheck Warning: File `Rd2.out' has changed.
(rerunfilecheck)                Rerun to get outlines right
(rerunfilecheck)                or use package `bookmark'.

 )
(see the transcript file for additional information){/usr/share/texlive/texmf-d
ist/fonts/enc/dvips/inconsolata/i4-ts1.enc}{/usr/share/texlive/texmf-dist/fonts
/enc/dvips/base/8r.enc}{/usr/share/texlive/texmf-dist/fonts/enc/dvips/inconsola
ta/i4-t1-0.enc}</usr/share/texlive/texmf-dist/fonts/type1/public/inconsolata/In
consolata-zi4r.pfb></usr/share/texlive/texmf-dist/fonts/type1/public/amsfonts/c
m/cmsy10.pfb></usr/share/texlive/texmf-dist/fonts/type1/urw/helvetic/uhvr8a.pfb
></usr/share/texlive/texmf-dist/fonts/type1/urw/times/utmb8a.pfb></usr/share/te
xlive/texmf-dist/fonts/type1/urw/times/utmr8a.pfb></usr/share/texlive/texmf-dis
t/fonts/type1/urw/times/utmr8a.pfb></usr/share/texlive/texmf-dist/fonts/type1/u
rw/times/utmri8a.pfb>
Output written on Rd2.pdf (43 pages, 187037 bytes).
Transcript written on Rd2.log.
This is makeindex, version 2.15 [TeX Live 2022/dev] (kpathsea + Thai support).
Scanning input file Rd2.idx....done (55 entries accepted, 0 rejected).
Sorting entries....done (347 comparisons).
Generating output file Rd2.ind....done (117 lines written, 0 warnings).
Output written in Rd2.ind.
Transcript written in Rd2.ilg.
This is pdfTeX, Version 3.141592653-2.6-1.40.22 (TeX Live 2022/dev/Debian) (preloaded format=pdflatex)
 restricted \write18 enabled.
entering extended mode
LaTeX2e <2021-11-15> patch level 1
L3 programming layer <2022-01-21> (./Rd2.tex
(/usr/share/texlive/texmf-dist/tex/latex/base/book.cls
Document Class: book 2021/10/04 v1.4n Standard LaTeX document class
(/usr/share/texlive/texmf-dist/tex/latex/base/bk10.clo))
(/usr/share/R/share/texmf/tex/latex/Rd.sty
(/usr/share/texlive/texmf-dist/tex/latex/base/ifthen.sty)
(/usr/share/texlive/texmf-dist/tex/latex/tools/longtable.sty)
(/usr/share/texlive/texmf-dist/tex/latex/tools/bm.sty)
(/usr/share/texlive/texmf-dist/tex/latex/base/alltt.sty)
(/usr/share/texlive/texmf-dist/tex/latex/tools/verbatim.sty)
(/usr/share/texlive/texmf-dist/tex/latex/url/url.sty)
(/usr/share/texlive/texmf-dist/tex/latex/base/textcomp.sty)
(/usr/share/texlive/texmf-dist/tex/latex/amsmath/amsmath.sty
For additional information on amsmath, use the `?' option.
(/usr/share/texlive/texmf-dist/tex/latex/amsmath/amstext.sty
(/usr/share/texlive/texmf-dist/tex/latex/amsmath/amsgen.sty))
(/usr/share/texlive/texmf-dist/tex/latex/amsmath/amsbsy.sty)
(/usr/share/texlive/texmf-dist/tex/latex/amsmath/amsopn.sty))
(/usr/share/texlive/texmf-dist/tex/latex/amsfonts/amsfonts.sty)
(/usr/share/texlive/texmf-dist/tex/latex/amsfonts/amssymb.sty)
(/usr/share/texlive/texmf-dist/tex/latex/jknapltx/mathrsfs.sty)
(/usr/share/texlive/texmf-dist/tex/generic/iftex/iftex.sty)
(/usr/share/texlive/texmf-dist/tex/latex/base/fontenc.sty)
(/usr/share/texlive/texmf-dist/tex/latex/psnfss/times.sty)
(/usr/share/texlive/texmf-dist/tex/latex/inconsolata/zi4.sty
`inconsolata-zi4' v1.12, 2019/05/17 Text macros for Inconsolata (msharpe)
(/usr/share/texlive/texmf-dist/tex/latex/xkeyval/xkeyval.sty
(/usr/share/texlive/texmf-dist/tex/generic/xkeyval/xkeyval.tex
(/usr/share/texlive/texmf-dist/tex/generic/xkeyval/xkvutils.tex
(/usr/share/texlive/texmf-dist/tex/generic/xkeyval/keyval.tex)))))
(/usr/share/texlive/texmf-dist/tex/latex/graphics/color.sty
(/usr/share/texlive/texmf-dist/tex/latex/graphics-cfg/color.cfg)
(/usr/share/texlive/texmf-dist/tex/latex/graphics-def/pdftex.def))
(/usr/share/texlive/texmf-dist/tex/latex/hyperref/hyperref.sty
(/usr/share/texlive/texmf-dist/tex/generic/ltxcmds/ltxcmds.sty)
(/usr/share/texlive/texmf-dist/tex/generic/pdftexcmds/pdftexcmds.sty
(/usr/share/texlive/texmf-dist/tex/generic/infwarerr/infwarerr.sty))
(/usr/share/texlive/texmf-dist/tex/generic/kvsetkeys/kvsetkeys.sty)
(/usr/share/texlive/texmf-dist/tex/generic/kvdefinekeys/kvdefinekeys.sty)
(/usr/share/texlive/texmf-dist/tex/generic/pdfescape/pdfescape.sty)
(/usr/share/texlive/texmf-dist/tex/latex/hycolor/hycolor.sty)
(/usr/share/texlive/texmf-dist/tex/latex/letltxmacro/letltxmacro.sty)
(/usr/share/texlive/texmf-dist/tex/latex/auxhook/auxhook.sty)
(/usr/share/texlive/texmf-dist/tex/latex/kvoptions/kvoptions.sty)
(/usr/share/texlive/texmf-dist/tex/latex/hyperref/pd1enc.def)
(/usr/share/texlive/texmf-dist/tex/latex/hyperref/hyperref-langpatches.def)
(/usr/share/texlive/texmf-dist/tex/generic/intcalc/intcalc.sty)
(/usr/share/texlive/texmf-dist/tex/generic/etexcmds/etexcmds.sty)
(/usr/share/texlive/texmf-dist/tex/latex/hyperref/puenc.def)
(/usr/share/texlive/texmf-dist/tex/generic/bitset/bitset.sty
(/usr/share/texlive/texmf-dist/tex/generic/bigintcalc/bigintcalc.sty))
(/usr/share/texlive/texmf-dist/tex/latex/base/atbegshi-ltx.sty))
(/usr/share/texlive/texmf-dist/tex/latex/hyperref/hpdftex.def
(/usr/share/texlive/texmf-dist/tex/latex/base/atveryend-ltx.sty)
(/usr/share/texlive/texmf-dist/tex/latex/rerunfilecheck/rerunfilecheck.sty
(/usr/share/texlive/texmf-dist/tex/generic/uniquecounter/uniquecounter.sty)))

Package hyperref Warning: Option `hyperindex' has already been used,
(hyperref)                setting the option has no effect on input line 397.


Package hyperref Warning: Option `pagebackref' has already been used,
(hyperref)                setting the option has no effect on input line 397.

) (/usr/share/texlive/texmf-dist/tex/latex/base/makeidx.sty)
(/usr/share/texlive/texmf-dist/tex/latex/base/inputenc.sty)
Writing index file Rd2.idx
(/usr/share/texlive/texmf-dist/tex/latex/psnfss/t1ptm.fd)
(/usr/share/texlive/texmf-dist/tex/latex/l3backend/l3backend-pdftex.def)
(/tmp/Rtmpg1HnSx/Rd2pdf9291522147fe4/Rd2.aux)
(/usr/share/texlive/texmf-dist/tex/context/base/mkii/supp-pdf.mkii
[Loading MPS to PDF converter (version 2006.09.02).]
) (/usr/share/texlive/texmf-dist/tex/latex/hyperref/nameref.sty
(/usr/share/texlive/texmf-dist/tex/latex/refcount/refcount.sty)
(/usr/share/texlive/texmf-dist/tex/generic/gettitlestring/gettitlestring.sty))
(/tmp/Rtmpg1HnSx/Rd2pdf9291522147fe4/Rd2.out)
(/tmp/Rtmpg1HnSx/Rd2pdf9291522147fe4/Rd2.out)
(/usr/share/texlive/texmf-dist/tex/latex/inconsolata/t1zi4.fd)
(/usr/share/texlive/texmf-dist/tex/latex/amsfonts/umsa.fd)
(/usr/share/texlive/texmf-dist/tex/latex/amsfonts/umsb.fd)
(/usr/share/texlive/texmf-dist/tex/latex/jknapltx/ursfs.fd)
(/usr/share/texlive/texmf-dist/tex/latex/psnfss/t1phv.fd)
(/tmp/Rtmpg1HnSx/Rd2pdf9291522147fe4/Rd2.toc [1{/var/lib/texmf/fonts/map/pdftex
/updmap/pdftex.map}]) [2]
(/usr/share/texlive/texmf-dist/tex/latex/psnfss/ts1ptm.fd) [3]
Overfull \hbox (46.23737pt too wide) in paragraph at lines 116--118
\T1/ptm/m/n/10 TERMAP USA. Hy-per-ten-sion 64 (6), 1198-1204. Avail-able at htt
p://www.ncbi.nlm.nih.gov/pubmed/25201893 
[4] [5] [6] [7] [8] [9] [10] [11] [12] [13] [14] [15] [16] [17]
Overfull \hbox (9.77066pt too wide) in paragraph at lines 725--725
 []\T1/zi4/m/n/10 globalParsTrace(runInfoObj, parameters = "nClusters",plotBurn
In=FALSE,whichBeta=1) 
[18] [19] [20] (/usr/share/texlive/texmf-dist/tex/latex/inconsolata/ts1zi4.fd)
[21] [22] [23]
Overfull \hbox (15.77475pt too wide) in paragraph at lines 1038--1038
 []\T1/zi4/m/n/9 predictions <- calcPredictions(riskProfileObj,fullSweepPredict
ions=TRUE,fullSweepLogOR=TRUE)[] 
[24] [25] [26] [27]
Overfull \hbox (0.62779pt too wide) in paragraph at lines 1179--1180
[]\T1/ptm/m/n/10 This can be set equal to "RaoBlack-well" and "ran-dom". The de
-fault is RaoBlack-
[28]
Overfull \hbox (19.17761pt too wide) in paragraph at lines 1197--1198
[]\T1/ptm/m/n/10 The names of the dis-crete co-vari-ates among the co-vari-ate 
names, if xModel="Mixed".

Overfull \hbox (19.17761pt too wide) in paragraph at lines 1198--1199
[]\T1/ptm/m/n/10 The names of the dis-crete co-vari-ates among the co-vari-ate 
names, if xModel="Mixed".
[29] [30]
Overfull \hbox (5.48706pt too wide) in paragraph at lines 1257--1258
[]\T1/ptm/m/n/10 Internal file to com-mu-ni-cate be-tween R and C++ the val-ues
 of the hy-per-paramters. 
[31] [32] [33] [34]
Overfull \hbox (42.07666pt too wide) in paragraph at lines 1423--1424
\T1/ptm/m/n/10 in mul-ti-vari-ate Nor-mal co-vari-ate case (useIn-de-pen-dent-N
or-mal=FALSE), de-fault=empirical

Overfull \hbox (12.1776pt too wide) in paragraph at lines 1424--1425
\T1/ptm/m/n/10 used in mul-ti-vari-ate Nor-mal co-vari-ate case, when useIn-de-
pen-dent-Nor-mal=FALSE).

Overfull \hbox (24.47763pt too wide) in paragraph at lines 1426--1427
[]\T1/ptm/m/n/10 The scale pa-ram-e-ter for the Wishart dis-tri-bu-tion for Tau
_c if use-Hy-per-pri-orR1=FALSE
[35] [36]
Overfull \hbox (3.52693pt too wide) in paragraph at lines 1445--1446
[]\T1/ptm/m/n/10 Slice pa-ram-e-ter for in-de-pen-dent slice sam-pler such that
 xi_c = (1-rSlice)*rSlice^c

Overfull \hbox (24.30757pt too wide) in paragraph at lines 1445--1446
\T1/ptm/m/n/10 for c=0,1,2,... (only used for slice in-de-pen-dent sam-pler i.e
. sam-pler=SliceIndependent,
[37]
Overfull \hbox (140.52487pt too wide) in paragraph at lines 1508--1510
\T1/ptm/m/n/10 age: "clus-Sum-ma-ry-Bernoulli-Nor-mal","clusSummaryBernoulliDis
creteSmall","clusSummaryCategoricalDiscrete",

Overfull \hbox (18.11702pt too wide) in paragraph at lines 1508--1510
\T1/ptm/m/n/10 "clus-Sum-ma-ryNormalD-is-crete","clusSummaryNormalNormal", "clu
s-Sum-ma-ryNor-
[38] [39] [40] (/tmp/Rtmpg1HnSx/Rd2pdf9291522147fe4/Rd2.ind [41]

LaTeX Font Warning: Font shape `T1/zi4/m/it' undefined
(Font)              using `T1/zi4/m/n' instead on input line 38.


Underfull \vbox (badness 2617) has occurred while \output is active [42]
[43]) (/tmp/Rtmpg1HnSx/Rd2pdf9291522147fe4/Rd2.aux)

LaTeX Font Warning: Some font shapes were not available, defaults substituted.

 )
(see the transcript file for additional information){/usr/share/texlive/texmf-d
ist/fonts/enc/dvips/inconsolata/i4-ts1.enc}{/usr/share/texlive/texmf-dist/fonts
/enc/dvips/base/8r.enc}{/usr/share/texlive/texmf-dist/fonts/enc/dvips/inconsola
ta/i4-t1-0.enc}</usr/share/texlive/texmf-dist/fonts/type1/public/inconsolata/In
consolata-zi4r.pfb></usr/share/texlive/texmf-dist/fonts/type1/public/amsfonts/c
m/cmsy10.pfb></usr/share/texlive/texmf-dist/fonts/type1/urw/helvetic/uhvr8a.pfb
></usr/share/texlive/texmf-dist/fonts/type1/urw/times/utmb8a.pfb></usr/share/te
xlive/texmf-dist/fonts/type1/urw/times/utmr8a.pfb></usr/share/texlive/texmf-dis
t/fonts/type1/urw/times/utmr8a.pfb></usr/share/texlive/texmf-dist/fonts/type1/u
rw/times/utmri8a.pfb>
Output written on Rd2.pdf (43 pages, 187672 bytes).
Transcript written on Rd2.log.
This is makeindex, version 2.15 [TeX Live 2022/dev] (kpathsea + Thai support).
Scanning input file Rd2.idx....done (55 entries accepted, 0 rejected).
Sorting entries....done (347 comparisons).
Generating output file Rd2.ind....done (117 lines written, 0 warnings).
Output written in Rd2.ind.
Transcript written in Rd2.ilg.
This is pdfTeX, Version 3.141592653-2.6-1.40.22 (TeX Live 2022/dev/Debian) (preloaded format=pdflatex)
 restricted \write18 enabled.
entering extended mode
LaTeX2e <2021-11-15> patch level 1
L3 programming layer <2022-01-21> (./Rd2.tex
(/usr/share/texlive/texmf-dist/tex/latex/base/book.cls
Document Class: book 2021/10/04 v1.4n Standard LaTeX document class
(/usr/share/texlive/texmf-dist/tex/latex/base/bk10.clo))
(/usr/share/R/share/texmf/tex/latex/Rd.sty
(/usr/share/texlive/texmf-dist/tex/latex/base/ifthen.sty)
(/usr/share/texlive/texmf-dist/tex/latex/tools/longtable.sty)
(/usr/share/texlive/texmf-dist/tex/latex/tools/bm.sty)
(/usr/share/texlive/texmf-dist/tex/latex/base/alltt.sty)
(/usr/share/texlive/texmf-dist/tex/latex/tools/verbatim.sty)
(/usr/share/texlive/texmf-dist/tex/latex/url/url.sty)
(/usr/share/texlive/texmf-dist/tex/latex/base/textcomp.sty)
(/usr/share/texlive/texmf-dist/tex/latex/amsmath/amsmath.sty
For additional information on amsmath, use the `?' option.
(/usr/share/texlive/texmf-dist/tex/latex/amsmath/amstext.sty
(/usr/share/texlive/texmf-dist/tex/latex/amsmath/amsgen.sty))
(/usr/share/texlive/texmf-dist/tex/latex/amsmath/amsbsy.sty)
(/usr/share/texlive/texmf-dist/tex/latex/amsmath/amsopn.sty))
(/usr/share/texlive/texmf-dist/tex/latex/amsfonts/amsfonts.sty)
(/usr/share/texlive/texmf-dist/tex/latex/amsfonts/amssymb.sty)
(/usr/share/texlive/texmf-dist/tex/latex/jknapltx/mathrsfs.sty)
(/usr/share/texlive/texmf-dist/tex/generic/iftex/iftex.sty)
(/usr/share/texlive/texmf-dist/tex/latex/base/fontenc.sty)
(/usr/share/texlive/texmf-dist/tex/latex/psnfss/times.sty)
(/usr/share/texlive/texmf-dist/tex/latex/inconsolata/zi4.sty
`inconsolata-zi4' v1.12, 2019/05/17 Text macros for Inconsolata (msharpe)
(/usr/share/texlive/texmf-dist/tex/latex/xkeyval/xkeyval.sty
(/usr/share/texlive/texmf-dist/tex/generic/xkeyval/xkeyval.tex
(/usr/share/texlive/texmf-dist/tex/generic/xkeyval/xkvutils.tex
(/usr/share/texlive/texmf-dist/tex/generic/xkeyval/keyval.tex)))))
(/usr/share/texlive/texmf-dist/tex/latex/graphics/color.sty
(/usr/share/texlive/texmf-dist/tex/latex/graphics-cfg/color.cfg)
(/usr/share/texlive/texmf-dist/tex/latex/graphics-def/pdftex.def))
(/usr/share/texlive/texmf-dist/tex/latex/hyperref/hyperref.sty
(/usr/share/texlive/texmf-dist/tex/generic/ltxcmds/ltxcmds.sty)
(/usr/share/texlive/texmf-dist/tex/generic/pdftexcmds/pdftexcmds.sty
(/usr/share/texlive/texmf-dist/tex/generic/infwarerr/infwarerr.sty))
(/usr/share/texlive/texmf-dist/tex/generic/kvsetkeys/kvsetkeys.sty)
(/usr/share/texlive/texmf-dist/tex/generic/kvdefinekeys/kvdefinekeys.sty)
(/usr/share/texlive/texmf-dist/tex/generic/pdfescape/pdfescape.sty)
(/usr/share/texlive/texmf-dist/tex/latex/hycolor/hycolor.sty)
(/usr/share/texlive/texmf-dist/tex/latex/letltxmacro/letltxmacro.sty)
(/usr/share/texlive/texmf-dist/tex/latex/auxhook/auxhook.sty)
(/usr/share/texlive/texmf-dist/tex/latex/kvoptions/kvoptions.sty)
(/usr/share/texlive/texmf-dist/tex/latex/hyperref/pd1enc.def)
(/usr/share/texlive/texmf-dist/tex/latex/hyperref/hyperref-langpatches.def)
(/usr/share/texlive/texmf-dist/tex/generic/intcalc/intcalc.sty)
(/usr/share/texlive/texmf-dist/tex/generic/etexcmds/etexcmds.sty)
(/usr/share/texlive/texmf-dist/tex/latex/hyperref/puenc.def)
(/usr/share/texlive/texmf-dist/tex/generic/bitset/bitset.sty
(/usr/share/texlive/texmf-dist/tex/generic/bigintcalc/bigintcalc.sty))
(/usr/share/texlive/texmf-dist/tex/latex/base/atbegshi-ltx.sty))
(/usr/share/texlive/texmf-dist/tex/latex/hyperref/hpdftex.def
(/usr/share/texlive/texmf-dist/tex/latex/base/atveryend-ltx.sty)
(/usr/share/texlive/texmf-dist/tex/latex/rerunfilecheck/rerunfilecheck.sty
(/usr/share/texlive/texmf-dist/tex/generic/uniquecounter/uniquecounter.sty)))

Package hyperref Warning: Option `hyperindex' has already been used,
(hyperref)                setting the option has no effect on input line 397.


Package hyperref Warning: Option `pagebackref' has already been used,
(hyperref)                setting the option has no effect on input line 397.

) (/usr/share/texlive/texmf-dist/tex/latex/base/makeidx.sty)
(/usr/share/texlive/texmf-dist/tex/latex/base/inputenc.sty)
Writing index file Rd2.idx
(/usr/share/texlive/texmf-dist/tex/latex/psnfss/t1ptm.fd)
(/usr/share/texlive/texmf-dist/tex/latex/l3backend/l3backend-pdftex.def)
(/tmp/Rtmpg1HnSx/Rd2pdf9291522147fe4/Rd2.aux)
(/usr/share/texlive/texmf-dist/tex/context/base/mkii/supp-pdf.mkii
[Loading MPS to PDF converter (version 2006.09.02).]
) (/usr/share/texlive/texmf-dist/tex/latex/hyperref/nameref.sty
(/usr/share/texlive/texmf-dist/tex/latex/refcount/refcount.sty)
(/usr/share/texlive/texmf-dist/tex/generic/gettitlestring/gettitlestring.sty))
(/tmp/Rtmpg1HnSx/Rd2pdf9291522147fe4/Rd2.out)
(/tmp/Rtmpg1HnSx/Rd2pdf9291522147fe4/Rd2.out)
(/usr/share/texlive/texmf-dist/tex/latex/inconsolata/t1zi4.fd)
(/usr/share/texlive/texmf-dist/tex/latex/amsfonts/umsa.fd)
(/usr/share/texlive/texmf-dist/tex/latex/amsfonts/umsb.fd)
(/usr/share/texlive/texmf-dist/tex/latex/jknapltx/ursfs.fd)
(/usr/share/texlive/texmf-dist/tex/latex/psnfss/t1phv.fd)
(/tmp/Rtmpg1HnSx/Rd2pdf9291522147fe4/Rd2.toc [1{/var/lib/texmf/fonts/map/pdftex
/updmap/pdftex.map}]) [2]
(/usr/share/texlive/texmf-dist/tex/latex/psnfss/ts1ptm.fd) [3]
Overfull \hbox (46.23737pt too wide) in paragraph at lines 116--118
\T1/ptm/m/n/10 TERMAP USA. Hy-per-ten-sion 64 (6), 1198-1204. Avail-able at htt
p://www.ncbi.nlm.nih.gov/pubmed/25201893 
[4] [5] [6] [7] [8] [9] [10] [11] [12] [13] [14] [15] [16] [17]
Overfull \hbox (9.77066pt too wide) in paragraph at lines 725--725
 []\T1/zi4/m/n/10 globalParsTrace(runInfoObj, parameters = "nClusters",plotBurn
In=FALSE,whichBeta=1) 
[18] [19] [20] (/usr/share/texlive/texmf-dist/tex/latex/inconsolata/ts1zi4.fd)
[21] [22] [23]
Overfull \hbox (15.77475pt too wide) in paragraph at lines 1038--1038
 []\T1/zi4/m/n/9 predictions <- calcPredictions(riskProfileObj,fullSweepPredict
ions=TRUE,fullSweepLogOR=TRUE)[] 
[24] [25] [26] [27]
Overfull \hbox (0.62779pt too wide) in paragraph at lines 1179--1180
[]\T1/ptm/m/n/10 This can be set equal to "RaoBlack-well" and "ran-dom". The de
-fault is RaoBlack-
[28]
Overfull \hbox (19.17761pt too wide) in paragraph at lines 1197--1198
[]\T1/ptm/m/n/10 The names of the dis-crete co-vari-ates among the co-vari-ate 
names, if xModel="Mixed".

Overfull \hbox (19.17761pt too wide) in paragraph at lines 1198--1199
[]\T1/ptm/m/n/10 The names of the dis-crete co-vari-ates among the co-vari-ate 
names, if xModel="Mixed".
[29] [30]
Overfull \hbox (5.48706pt too wide) in paragraph at lines 1257--1258
[]\T1/ptm/m/n/10 Internal file to com-mu-ni-cate be-tween R and C++ the val-ues
 of the hy-per-paramters. 
[31] [32] [33] [34]
Overfull \hbox (42.07666pt too wide) in paragraph at lines 1423--1424
\T1/ptm/m/n/10 in mul-ti-vari-ate Nor-mal co-vari-ate case (useIn-de-pen-dent-N
or-mal=FALSE), de-fault=empirical

Overfull \hbox (12.1776pt too wide) in paragraph at lines 1424--1425
\T1/ptm/m/n/10 used in mul-ti-vari-ate Nor-mal co-vari-ate case, when useIn-de-
pen-dent-Nor-mal=FALSE).

Overfull \hbox (24.47763pt too wide) in paragraph at lines 1426--1427
[]\T1/ptm/m/n/10 The scale pa-ram-e-ter for the Wishart dis-tri-bu-tion for Tau
_c if use-Hy-per-pri-orR1=FALSE
[35] [36]
Overfull \hbox (3.52693pt too wide) in paragraph at lines 1445--1446
[]\T1/ptm/m/n/10 Slice pa-ram-e-ter for in-de-pen-dent slice sam-pler such that
 xi_c = (1-rSlice)*rSlice^c

Overfull \hbox (24.30757pt too wide) in paragraph at lines 1445--1446
\T1/ptm/m/n/10 for c=0,1,2,... (only used for slice in-de-pen-dent sam-pler i.e
. sam-pler=SliceIndependent,
[37]
Overfull \hbox (140.52487pt too wide) in paragraph at lines 1508--1510
\T1/ptm/m/n/10 age: "clus-Sum-ma-ry-Bernoulli-Nor-mal","clusSummaryBernoulliDis
creteSmall","clusSummaryCategoricalDiscrete",

Overfull \hbox (18.11702pt too wide) in paragraph at lines 1508--1510
\T1/ptm/m/n/10 "clus-Sum-ma-ryNormalD-is-crete","clusSummaryNormalNormal", "clu
s-Sum-ma-ryNor-
[38] [39] [40] (/tmp/Rtmpg1HnSx/Rd2pdf9291522147fe4/Rd2.ind [41]

LaTeX Font Warning: Font shape `T1/zi4/m/it' undefined
(Font)              using `T1/zi4/m/n' instead on input line 38.


Underfull \vbox (badness 2617) has occurred while \output is active [42]
[43]) (/tmp/Rtmpg1HnSx/Rd2pdf9291522147fe4/Rd2.aux)

LaTeX Font Warning: Some font shapes were not available, defaults substituted.

 )
(see the transcript file for additional information){/usr/share/texlive/texmf-d
ist/fonts/enc/dvips/inconsolata/i4-ts1.enc}{/usr/share/texlive/texmf-dist/fonts
/enc/dvips/base/8r.enc}{/usr/share/texlive/texmf-dist/fonts/enc/dvips/inconsola
ta/i4-t1-0.enc}</usr/share/texlive/texmf-dist/fonts/type1/public/inconsolata/In
consolata-zi4r.pfb></usr/share/texlive/texmf-dist/fonts/type1/public/amsfonts/c
m/cmsy10.pfb></usr/share/texlive/texmf-dist/fonts/type1/urw/helvetic/uhvr8a.pfb
></usr/share/texlive/texmf-dist/fonts/type1/urw/times/utmb8a.pfb></usr/share/te
xlive/texmf-dist/fonts/type1/urw/times/utmr8a.pfb></usr/share/texlive/texmf-dis
t/fonts/type1/urw/times/utmr8a.pfb></usr/share/texlive/texmf-dist/fonts/type1/u
rw/times/utmri8a.pfb>
Output written on Rd2.pdf (43 pages, 187688 bytes).
Transcript written on Rd2.log.
Saving output to ‘PReMiuM-manual.pdf’ ...
Done
You may want to clean up by 'rm -Rf /tmp/Rtmpg1HnSx/Rd2pdf9291522147fe4'
